<?xml version="1.0" encoding="UTF-8"?>
<beans xmlns="http://www.springframework.org/schema/beans"
	xmlns:xsi="http://www.w3.org/2001/XMLSchema-instance" 
	xmlns:context="http://www.springframework.org/schema/context"
	xmlns:c="http://www.springframework.org/schema/c" 
	xmlns:p="http://www.springframework.org/schema/p"
	xmlns:cache="http://www.springframework.org/schema/cache"
	xsi:schemaLocation="
		http://www.springframework.org/schema/beans http://www.springframework.org/schema/beans/spring-beans-3.1.xsd
        http://www.springframework.org/schema/context http://www.springframework.org/schema/context/spring-context.xsd
        http://www.springframework.org/schema/cache http://www.springframework.org/schema/cache/spring-cache.xsd"
     default-lazy-init="true">

	<context:component-scan base-package="com.appleframework.cache.redis" />  
	
	<!-- turn on declarative caching -->
	<cache:annotation-driven cache-manager="springCacheManager" />  

	<bean id="masterSlaveServersConfig" class="com.appleframework.cache.jedis.config.MasterSlaveServersConfig">
		<property name="masterAddressUri" value="192.168.1.177:6379" />
		<property name="slaveAddressUris" value="192.168.1.177:6379" />
		<property name="database" value="9" />
	</bean>
		
	<bean id="poolConfig" class="redis.clients.jedis.JedisPoolConfig">
		<property name="maxTotal" value="24" />
		<property name="maxIdle" value="24" />
		<property name="minIdle" value="0" />
	</bean>
		
	<bean id="poolFactory" class="com.appleframework.cache.jedis.factory.MasterSlavePoolFactory"
		destroy-method="destroy" init-method="init">
		<property name="serverConfig" ref="masterSlaveServersConfig" />
		<property name="masterPoolConfig" ref="poolConfig" />
		<property name="slavePoolConfig" ref="poolConfig" />
	</bean>	
	
	<bean id="springCacheManager"
		class="com.appleframework.cache.jedis.spring.SpringCacheManager">
		<property name="poolFactory" ref="poolFactory" />
		<property name="cacheObject" value="true" />
		<!-- 配置缓存时间 -->
		<property name="expireConfig">
			<map>
				<entry key="testd" value="5" />   <!-- key缓存对象名称 value缓存过期时间 -->
			</map>
		</property>
	</bean>
	
	<bean id="threadPoolTaskExecutor" class="org.springframework.scheduling.concurrent.ThreadPoolTaskExecutor">
		<!-- 核心线程数，默认为1 -->
		<property name="corePoolSize" value="100" />
		<!-- 最大线程数，默认为Integer.MAX_VALUE -->
		<property name="maxPoolSize" value="200" />
		<!-- 队列最大长度，一般需要设置值>=notifyScheduledMainExecutor.maxNum；默认为Integer.MAX_VALUE -->
		<property name="queueCapacity" value="100000" />
		<!-- 线程池维护线程所允许的空闲时间，默认为60s -->
		<property name="keepAliveSeconds" value="300" />
		<!-- 线程池对拒绝任务（无线程可用）的处理策略，目前只支持AbortPolicy、CallerRunsPolicy；默认为后者 -->
		<property name="rejectedExecutionHandler">
			<!-- AbortPolicy:直接抛出java.util.concurrent.RejectedExecutionException异常 -->
			<!-- CallerRunsPolicy:主线程直接执行该任务，执行完之后尝试添加下一个任务到线程池中，可以有效降低向线程池内添加任务的速度 -->
			<!-- DiscardOldestPolicy:抛弃旧的任务、暂不支持；会导致被丢弃的任务无法再次被执行 -->
			<!-- DiscardPolicy:抛弃当前任务、暂不支持；会导致被丢弃的任务无法再次被执行 -->
			<bean class="java.util.concurrent.ThreadPoolExecutor$CallerRunsPolicy" />
		</property>

	</bean>

</beans>